#-----------------------------------------------------------
# Vivado v2021.2 (64-bit)
# SW Build 3367213 on Tue Oct 19 02:48:09 MDT 2021
# IP Build 3369179 on Thu Oct 21 08:25:16 MDT 2021
# Start of session at: Sat Sep 24 15:21:14 2022
# Process ID: 30416
# Current directory: C:/Git/uart/uart
# Command line: vivado.exe -gui_launcher_event rodinguilauncherevent42784 C:\Git\uart\uart\uart.xpr
# Log file: C:/Git/uart/uart/vivado.log
# Journal file: C:/Git/uart/uart\vivado.jou
# Running On: USAUSLT-9KB21SI, OS: Windows, CPU Frequency: 2808 MHz, CPU Physical cores: 4, Host memory: 17033 MB
#-----------------------------------------------------------
start_gui
open_project C:/Git/uart/uart/uart.xpr
WARNING: [Board 49-26] cannot add Board Part xilinx.com:vck190_es:part0:1.3 available at C:/Xilinx/Vivado/2021.2/data/xhub/boards/XilinxBoardStore/boards/Xilinx/vck190/es/1.3/board.xml as part xcvc1902-vsva2197-2mp-e-s-es1 specified in board_part file is either invalid or not available
WARNING: [Board 49-26] cannot add Board Part xilinx.com:vmk180_es:part0:1.3 available at C:/Xilinx/Vivado/2021.2/data/xhub/boards/XilinxBoardStore/boards/Xilinx/vmk180/es/1.3/board.xml as part xcvm1802-vsva2197-2mp-e-s-es1 specified in board_part file is either invalid or not available
WARNING: [Board 49-26] cannot add Board Part xilinx.com:vpk120_es:part0:1.2 available at C:/Xilinx/Vivado/2021.2/data/xhub/boards/XilinxBoardStore/boards/Xilinx/vpk120/es/1.2/board.xml as part xcvp1202-vsva2785-2mp-e-s-es1 specified in board_part file is either invalid or not available
WARNING: [Board 49-26] cannot add Board Part xilinx.com:zcu208_es:part0:1.0 available at C:/Xilinx/Vivado/2021.2/data/xhub/boards/XilinxBoardStore/boards/Xilinx/zcu208/es/1.0/board.xml as part xczu48dr-fsvg1517-2-e-es1 specified in board_part file is either invalid or not available
WARNING: [Board 49-26] cannot add Board Part xilinx.com:zcu208_es:part0:1.1 available at C:/Xilinx/Vivado/2021.2/data/xhub/boards/XilinxBoardStore/boards/Xilinx/zcu208/es/1.1/board.xml as part xczu48dr-fsvg1517-2-e-es1 specified in board_part file is either invalid or not available
WARNING: [Board 49-26] cannot add Board Part xilinx.com:zcu208_es:part0:1.2 available at C:/Xilinx/Vivado/2021.2/data/xhub/boards/XilinxBoardStore/boards/Xilinx/zcu208/es/1.2/board.xml as part xczu48dr-fsvg1517-2-e-es1 specified in board_part file is either invalid or not available
WARNING: [Board 49-26] cannot add Board Part xilinx.com:zcu208ld:part0:2.0 available at C:/Xilinx/Vivado/2021.2/data/xhub/boards/XilinxBoardStore/boards/Xilinx/zcu208ld/production/2.0/board.xml as part xczu58dr-fsvg1517-2-i specified in board_part file is either invalid or not available
WARNING: [Board 49-26] cannot add Board Part xilinx.com:zcu208ld_es:part0:1.0 available at C:/Xilinx/Vivado/2021.2/data/xhub/boards/XilinxBoardStore/boards/Xilinx/zcu208ld/es/1.0/board.xml as part xczu58dr-fsvg1517-2-i-es1 specified in board_part file is either invalid or not available
WARNING: [Board 49-26] cannot add Board Part xilinx.com:zcu216_es:part0:1.0 available at C:/Xilinx/Vivado/2021.2/data/xhub/boards/XilinxBoardStore/boards/Xilinx/zcu216/es/1.0/board.xml as part xczu49dr-ffvf1760-2-e-es1 specified in board_part file is either invalid or not available
WARNING: [Board 49-26] cannot add Board Part xilinx.com:zcu216_es:part0:1.1 available at C:/Xilinx/Vivado/2021.2/data/xhub/boards/XilinxBoardStore/boards/Xilinx/zcu216/es/1.1/board.xml as part xczu49dr-ffvf1760-2-e-es1 specified in board_part file is either invalid or not available
WARNING: [Board 49-26] cannot add Board Part xilinx.com:zcu216_es:part0:1.2 available at C:/Xilinx/Vivado/2021.2/data/xhub/boards/XilinxBoardStore/boards/Xilinx/zcu216/es/1.2/board.xml as part xczu49dr-ffvf1760-2-e-es1 specified in board_part file is either invalid or not available
WARNING: [Board 49-26] cannot add Board Part xilinx.com:zcu216ld:part0:2.0 available at C:/Xilinx/Vivado/2021.2/data/xhub/boards/XilinxBoardStore/boards/Xilinx/zcu216ld/production/2.0/board.xml as part xczu59dr-ffvf1760-2-i specified in board_part file is either invalid or not available
WARNING: [Board 49-26] cannot add Board Part xilinx.com:zcu216ld_es:part0:1.0 available at C:/Xilinx/Vivado/2021.2/data/xhub/boards/XilinxBoardStore/boards/Xilinx/zcu216ld/es/1.0/board.xml as part xczu59dr-ffvf1760-2-i-es1 specified in board_part file is either invalid or not available
WARNING: [Board 49-26] cannot add Board Part xilinx.com:zcu670:part0:1.0 available at C:/Xilinx/Vivado/2021.2/data/xhub/boards/XilinxBoardStore/boards/Xilinx/zcu670/1.0/board.xml as part xczu67dr-fsve1156-2-i specified in board_part file is either invalid or not available
INFO: [filemgmt 56-3] Default IP Output Path : Could not find the directory 'C:/Git/uart/uart/uart.gen/sources_1'.
Scanning sources...
Finished scanning sources
INFO: [IP_Flow 19-234] Refreshing IP repositories
INFO: [IP_Flow 19-1704] No user IP repositories specified
INFO: [IP_Flow 19-2313] Loaded Vivado IP repository 'C:/Xilinx/Vivado/2021.2/data/ip'.
open_project: Time (s): cpu = 00:00:31 ; elapsed = 00:00:13 . Memory (MB): peak = 1443.504 ; gain = 0.000
update_compile_order -fileset sources_1
launch_simulation
Command: launch_simulation 
INFO: [Vivado 12-12493] Simulation top is 'uart_tx_tb'
WARNING: [Vivado 12-12986] Compiled library path does not exist: ''
INFO: [Vivado 12-5698] Checking validity of IPs in the design for the 'XSim' simulator...
INFO: [Runs 36-567] Checking/generating simulation output products for IPs/BDs (if any)...
INFO: [Vivado 12-5682] Launching behavioral simulation in 'C:/Git/uart/uart/uart.sim/sim_1/behav/xsim'
INFO: [Vivado 12-4795] Using compiled simulation libraries for IPs
INFO: [SIM-utils-51] Simulation object is 'sim_1'
INFO: [SIM-utils-72] Using boost library from 'C:/Xilinx/Vivado/2021.2/tps/boost_1_72_0'
INFO: [USF-XSim-7] Finding pre-compiled libraries...
INFO: [USF-XSim-11] File 'C:/Xilinx/Vivado/2021.2/data/xsim/xsim.ini' copied to run dir:'C:/Git/uart/uart/uart.sim/sim_1/behav/xsim'
INFO: [SIM-utils-54] Inspecting design source files for 'uart_tx_tb' in fileset 'sim_1'...
INFO: [USF-XSim-97] Finding global include files...
INFO: [USF-XSim-98] Fetching design files from 'sim_1'...
INFO: [USF-XSim-2] XSim::Compile design
INFO: [USF-XSim-61] Executing 'COMPILE and ANALYZE' step in 'C:/Git/uart/uart/uart.sim/sim_1/behav/xsim'
"xvlog --incr --relax -prj uart_tx_tb_vlog.prj"
INFO: [VRFC 10-2263] Analyzing Verilog file "C:/Git/ip/tx_fifo/sim/tx_fifo.v" into library xil_defaultlib
INFO: [VRFC 10-311] analyzing module tx_fifo
INFO: [VRFC 10-2263] Analyzing Verilog file "C:/Git/uart/uart/uart.sim/sim_1/behav/xsim/glbl.v" into library xil_defaultlib
INFO: [VRFC 10-311] analyzing module glbl
"xvhdl --incr --relax -prj uart_tx_tb_vhdl.prj"
INFO: [VRFC 10-163] Analyzing VHDL file "C:/Git/uart/uart/uart.srcs/sources_1/imports/new/uart_package.vhd" into library xil_defaultlib
INFO: [VRFC 10-163] Analyzing VHDL file "C:/Git/uart/uart/uart.srcs/sources_1/imports/new/uart.vhd" into library xil_defaultlib
INFO: [VRFC 10-3107] analyzing entity 'uart'
INFO: [VRFC 10-163] Analyzing VHDL file "C:/Git/uart/uart/uart.srcs/sources_1/imports/new/uart_tx.vhd" into library xil_defaultlib
INFO: [VRFC 10-3107] analyzing entity 'uart_tx'
INFO: [VRFC 10-163] Analyzing VHDL file "C:/Git/uart/uart/uart.srcs/sim_1/imports/new/uart_tx_tb.vhd" into library xil_defaultlib
INFO: [VRFC 10-3107] analyzing entity 'uart_tx_tb'
run_program: Time (s): cpu = 00:00:01 ; elapsed = 00:00:05 . Memory (MB): peak = 1443.504 ; gain = 0.000
INFO: [USF-XSim-69] 'compile' step finished in '5' seconds
INFO: [USF-XSim-3] XSim::Elaborate design
INFO: [USF-XSim-61] Executing 'ELABORATE' step in 'C:/Git/uart/uart/uart.sim/sim_1/behav/xsim'
"xelab --incr --debug typical --relax --mt 2 -L xil_defaultlib -L fifo_generator_v13_2_6 -L unisims_ver -L unimacro_ver -L secureip -L xpm --snapshot uart_tx_tb_behav xil_defaultlib.uart_tx_tb xil_defaultlib.glbl -log elaborate.log"
Vivado Simulator v2021.2
Copyright 1986-1999, 2001-2021 Xilinx, Inc. All Rights Reserved.
Running: C:/Xilinx/Vivado/2021.2/bin/unwrapped/win64.o/xelab.exe --incr --debug typical --relax --mt 2 -L xil_defaultlib -L fifo_generator_v13_2_6 -L unisims_ver -L unimacro_ver -L secureip -L xpm --snapshot uart_tx_tb_behav xil_defaultlib.uart_tx_tb xil_defaultlib.glbl -log elaborate.log 
Using 2 slave threads.
Starting static elaboration
Pass Through NonSizing Optimizer
Completed static elaboration
Starting simulation data flow analysis
Completed simulation data flow analysis
Time Resolution for simulation is 1ps
Compiling package std.standard
Compiling package std.textio
Compiling package ieee.std_logic_1164
Compiling package ieee.numeric_std
Compiling package xil_defaultlib.uart_package
Compiling package vl.vl_types
Compiling module xil_defaultlib.glbl
Compiling module fifo_generator_v13_2_6.fifo_generator_v13_2_6_bhv_ver_s...
Compiling module fifo_generator_v13_2_6.fifo_generator_v13_2_6_bhv_ver_p...
Compiling module fifo_generator_v13_2_6.fifo_generator_v13_2_6_CONV_VER(...
Compiling module fifo_generator_v13_2_6.fifo_generator_vlog_beh(C_COMMON...
Compiling module xil_defaultlib.tx_fifo
Compiling architecture behavioral of entity xil_defaultlib.uart_tx [uart_tx_default]
Compiling architecture behavioral of entity xil_defaultlib.uart [uart_default]
Compiling architecture behavioral of entity xil_defaultlib.uart_tx_tb
Built simulation snapshot uart_tx_tb_behav
run_program: Time (s): cpu = 00:00:00 ; elapsed = 00:00:06 . Memory (MB): peak = 1443.504 ; gain = 0.000
INFO: [USF-XSim-69] 'elaborate' step finished in '5' seconds
INFO: [USF-XSim-4] XSim::Simulate design
INFO: [USF-XSim-61] Executing 'SIMULATE' step in 'C:/Git/uart/uart/uart.sim/sim_1/behav/xsim'
INFO: [USF-XSim-98] *** Running xsim
   with args "uart_tx_tb_behav -key {Behavioral:sim_1:Functional:uart_tx_tb} -tclbatch {uart_tx_tb.tcl} -log {simulate.log}"
INFO: [USF-XSim-8] Loading simulator feature
Time resolution is 1 ps
source uart_tx_tb.tcl
# set curr_wave [current_wave_config]
# if { [string length $curr_wave] == 0 } {
#   if { [llength [get_objects]] > 0} {
#     add_wave /
#     set_property needs_save false [current_wave_config]
#   } else {
#      send_msg_id Add_Wave-1 WARNING "No top level signals found. Simulator will start without a wave window. If you want to open a wave window go to 'File->New Waveform Configuration' or type 'create_wave_config' in the TCL console."
#   }
# }
# run 1000ns
INFO: [USF-XSim-96] XSim completed. Design snapshot 'uart_tx_tb_behav' loaded.
INFO: [USF-XSim-97] XSim simulation ran for 1000ns
launch_simulation: Time (s): cpu = 00:00:11 ; elapsed = 00:00:16 . Memory (MB): peak = 1443.504 ; gain = 0.000
run 2 ms
restart
INFO: [Simtcl 6-17] Simulation restarted
run 2 ms
file mkdir C:/Git/uart/uart/uart.srcs/sources_1/new
close [ open C:/Git/uart/uart/uart.srcs/sources_1/new/fifo.vhd w ]
add_files C:/Git/uart/uart/uart.srcs/sources_1/new/fifo.vhd
update_compile_order -fileset sources_1
